{"/Users/malkeeszon/Documents/Codeworks/legacy-project/MMAPI/server/express/mocks.js": {"path":"/Users/malkeeszon/Documents/Codeworks/legacy-project/MMAPI/server/express/mocks.js","statementMap":{"0":{"start":{"line":2,"column":20},"end":{"line":6,"column":1}},"1":{"start":{"line":8,"column":20},"end":{"line":12,"column":1}},"2":{"start":{"line":14,"column":14},"end":{"line":18,"column":1}},"3":{"start":{"line":20,"column":17},"end":{"line":68,"column":1}},"4":{"start":{"line":70,"column":17},"end":{"line":118,"column":1}},"5":{"start":{"line":120,"column":25},"end":{"line":124,"column":1}},"6":{"start":{"line":126,"column":25},"end":{"line":130,"column":1}},"7":{"start":{"line":132,"column":19},"end":{"line":153,"column":1}},"8":{"start":{"line":155,"column":19},"end":{"line":176,"column":1}},"9":{"start":{"line":178,"column":0},"end":{"line":180,"column":2}}},"fnMap":{},"branchMap":{},"s":{"0":2,"1":2,"2":2,"3":2,"4":2,"5":2,"6":2,"7":2,"8":2,"9":2},"f":{},"b":{},"_coverageSchema":"1a1c01bbd47fc00a2c39e90264f33305004495a9","hash":"0e63fec1a81cecc51c737be9db7cb2a69359912f"}
,"/Users/malkeeszon/Documents/Codeworks/legacy-project/MMAPI/server/express/router.js": {"path":"/Users/malkeeszon/Documents/Codeworks/legacy-project/MMAPI/server/express/router.js","statementMap":{"0":{"start":{"line":1,"column":15},"end":{"line":1,"column":42}},"1":{"start":{"line":3,"column":36},"end":{"line":3,"column":77}},"2":{"start":{"line":4,"column":38},"end":{"line":4,"column":82}},"3":{"start":{"line":5,"column":37},"end":{"line":5,"column":78}},"4":{"start":{"line":6,"column":36},"end":{"line":6,"column":79}},"5":{"start":{"line":8,"column":0},"end":{"line":8,"column":33}},"6":{"start":{"line":9,"column":0},"end":{"line":9,"column":40}},"7":{"start":{"line":10,"column":0},"end":{"line":10,"column":39}},"8":{"start":{"line":11,"column":0},"end":{"line":11,"column":42}},"9":{"start":{"line":12,"column":0},"end":{"line":12,"column":33}},"10":{"start":{"line":13,"column":0},"end":{"line":13,"column":41}},"11":{"start":{"line":14,"column":0},"end":{"line":14,"column":37}},"12":{"start":{"line":15,"column":0},"end":{"line":15,"column":40}},"13":{"start":{"line":17,"column":0},"end":{"line":17,"column":24}}},"fnMap":{},"branchMap":{},"s":{"0":1,"1":1,"2":1,"3":1,"4":1,"5":1,"6":1,"7":1,"8":1,"9":1,"10":1,"11":1,"12":1,"13":1},"f":{},"b":{},"_coverageSchema":"1a1c01bbd47fc00a2c39e90264f33305004495a9","hash":"b643e55a1b19601db148119b1d4bf99ba3f18cac"}
,"/Users/malkeeszon/Documents/Codeworks/legacy-project/MMAPI/server/express/server.js": {"path":"/Users/malkeeszon/Documents/Codeworks/legacy-project/MMAPI/server/express/server.js","statementMap":{"0":{"start":{"line":2,"column":16},"end":{"line":2,"column":34}},"1":{"start":{"line":3,"column":15},"end":{"line":3,"column":32}},"2":{"start":{"line":4,"column":13},"end":{"line":4,"column":28}},"3":{"start":{"line":5,"column":15},"end":{"line":5,"column":34}},"4":{"start":{"line":7,"column":21},"end":{"line":7,"column":42}},"5":{"start":{"line":9,"column":12},"end":{"line":9,"column":21}},"6":{"start":{"line":10,"column":0},"end":{"line":10,"column":38}},"7":{"start":{"line":13,"column":0},"end":{"line":13,"column":16}},"8":{"start":{"line":14,"column":0},"end":{"line":14,"column":81}},"9":{"start":{"line":15,"column":0},"end":{"line":15,"column":24}},"10":{"start":{"line":16,"column":0},"end":{"line":16,"column":16}},"11":{"start":{"line":18,"column":0},"end":{"line":18,"column":21}}},"fnMap":{},"branchMap":{},"s":{"0":1,"1":1,"2":1,"3":1,"4":1,"5":1,"6":1,"7":1,"8":1,"9":1,"10":1,"11":1},"f":{},"b":{},"_coverageSchema":"1a1c01bbd47fc00a2c39e90264f33305004495a9","hash":"64234f293c163048e7f477bc6615d0cb8ac9f118"}
,"/Users/malkeeszon/Documents/Codeworks/legacy-project/MMAPI/server/express/controllers/division.controller.js": {"path":"/Users/malkeeszon/Documents/Codeworks/legacy-project/MMAPI/server/express/controllers/division.controller.js","statementMap":{"0":{"start":{"line":1,"column":15},"end":{"line":1,"column":35}},"1":{"start":{"line":3,"column":21},"end":{"line":18,"column":1}},"2":{"start":{"line":4,"column":2},"end":{"line":17,"column":3}},"3":{"start":{"line":5,"column":19},"end":{"line":5,"column":51}},"4":{"start":{"line":6,"column":4},"end":{"line":12,"column":5}},"5":{"start":{"line":7,"column":6},"end":{"line":7,"column":22}},"6":{"start":{"line":8,"column":6},"end":{"line":8,"column":23}},"7":{"start":{"line":10,"column":6},"end":{"line":10,"column":22}},"8":{"start":{"line":11,"column":6},"end":{"line":11,"column":40}},"9":{"start":{"line":14,"column":4},"end":{"line":14,"column":20}},"10":{"start":{"line":15,"column":4},"end":{"line":15,"column":37}},"11":{"start":{"line":16,"column":4},"end":{"line":16,"column":23}},"12":{"start":{"line":20,"column":20},"end":{"line":42,"column":1}},"13":{"start":{"line":21,"column":2},"end":{"line":41,"column":3}},"14":{"start":{"line":22,"column":19},"end":{"line":22,"column":29}},"15":{"start":{"line":23,"column":19},"end":{"line":29,"column":6}},"16":{"start":{"line":30,"column":4},"end":{"line":36,"column":5}},"17":{"start":{"line":31,"column":6},"end":{"line":31,"column":22}},"18":{"start":{"line":32,"column":6},"end":{"line":32,"column":23}},"19":{"start":{"line":34,"column":6},"end":{"line":34,"column":22}},"20":{"start":{"line":35,"column":6},"end":{"line":35,"column":40}},"21":{"start":{"line":38,"column":4},"end":{"line":38,"column":20}},"22":{"start":{"line":39,"column":4},"end":{"line":39,"column":37}},"23":{"start":{"line":40,"column":4},"end":{"line":40,"column":23}},"24":{"start":{"line":44,"column":0},"end":{"line":47,"column":2}}},"fnMap":{"0":{"name":"(anonymous_0)","decl":{"start":{"line":3,"column":21},"end":{"line":3,"column":22}},"loc":{"start":{"line":3,"column":41},"end":{"line":18,"column":1}},"line":3},"1":{"name":"(anonymous_1)","decl":{"start":{"line":20,"column":20},"end":{"line":20,"column":21}},"loc":{"start":{"line":20,"column":40},"end":{"line":42,"column":1}},"line":20}},"branchMap":{"0":{"loc":{"start":{"line":6,"column":4},"end":{"line":12,"column":5}},"type":"if","locations":[{"start":{"line":6,"column":4},"end":{"line":12,"column":5}},{"start":{"line":6,"column":4},"end":{"line":12,"column":5}}],"line":6},"1":{"loc":{"start":{"line":30,"column":4},"end":{"line":36,"column":5}},"type":"if","locations":[{"start":{"line":30,"column":4},"end":{"line":36,"column":5}},{"start":{"line":30,"column":4},"end":{"line":36,"column":5}}],"line":30}},"s":{"0":1,"1":1,"2":1,"3":1,"4":1,"5":1,"6":1,"7":0,"8":0,"9":0,"10":0,"11":0,"12":1,"13":2,"14":2,"15":2,"16":2,"17":1,"18":1,"19":1,"20":1,"21":0,"22":0,"23":0,"24":1},"f":{"0":1,"1":2},"b":{"0":[1,0],"1":[1,1]},"_coverageSchema":"1a1c01bbd47fc00a2c39e90264f33305004495a9","hash":"e543dc224e7ca35a7b979e565b6d655b57e4761b"}
,"/Users/malkeeszon/Documents/Codeworks/legacy-project/MMAPI/server/express/controllers/event.controller.js": {"path":"/Users/malkeeszon/Documents/Codeworks/legacy-project/MMAPI/server/express/controllers/event.controller.js","statementMap":{"0":{"start":{"line":1,"column":15},"end":{"line":1,"column":35}},"1":{"start":{"line":3,"column":18},"end":{"line":18,"column":1}},"2":{"start":{"line":4,"column":2},"end":{"line":17,"column":3}},"3":{"start":{"line":5,"column":19},"end":{"line":5,"column":50}},"4":{"start":{"line":6,"column":4},"end":{"line":12,"column":5}},"5":{"start":{"line":7,"column":6},"end":{"line":7,"column":22}},"6":{"start":{"line":8,"column":6},"end":{"line":8,"column":23}},"7":{"start":{"line":10,"column":6},"end":{"line":10,"column":22}},"8":{"start":{"line":11,"column":6},"end":{"line":11,"column":40}},"9":{"start":{"line":14,"column":4},"end":{"line":14,"column":20}},"10":{"start":{"line":15,"column":4},"end":{"line":15,"column":37}},"11":{"start":{"line":16,"column":4},"end":{"line":16,"column":23}},"12":{"start":{"line":20,"column":22},"end":{"line":42,"column":1}},"13":{"start":{"line":21,"column":2},"end":{"line":41,"column":3}},"14":{"start":{"line":22,"column":19},"end":{"line":22,"column":29}},"15":{"start":{"line":23,"column":19},"end":{"line":29,"column":6}},"16":{"start":{"line":30,"column":4},"end":{"line":36,"column":5}},"17":{"start":{"line":31,"column":6},"end":{"line":31,"column":22}},"18":{"start":{"line":32,"column":6},"end":{"line":32,"column":23}},"19":{"start":{"line":34,"column":6},"end":{"line":34,"column":22}},"20":{"start":{"line":35,"column":6},"end":{"line":35,"column":40}},"21":{"start":{"line":38,"column":4},"end":{"line":38,"column":20}},"22":{"start":{"line":39,"column":4},"end":{"line":39,"column":37}},"23":{"start":{"line":40,"column":4},"end":{"line":40,"column":23}},"24":{"start":{"line":44,"column":0},"end":{"line":47,"column":2}}},"fnMap":{"0":{"name":"(anonymous_0)","decl":{"start":{"line":3,"column":18},"end":{"line":3,"column":19}},"loc":{"start":{"line":3,"column":38},"end":{"line":18,"column":1}},"line":3},"1":{"name":"(anonymous_1)","decl":{"start":{"line":20,"column":22},"end":{"line":20,"column":23}},"loc":{"start":{"line":20,"column":42},"end":{"line":42,"column":1}},"line":20}},"branchMap":{"0":{"loc":{"start":{"line":6,"column":4},"end":{"line":12,"column":5}},"type":"if","locations":[{"start":{"line":6,"column":4},"end":{"line":12,"column":5}},{"start":{"line":6,"column":4},"end":{"line":12,"column":5}}],"line":6},"1":{"loc":{"start":{"line":30,"column":4},"end":{"line":36,"column":5}},"type":"if","locations":[{"start":{"line":30,"column":4},"end":{"line":36,"column":5}},{"start":{"line":30,"column":4},"end":{"line":36,"column":5}}],"line":30}},"s":{"0":1,"1":1,"2":1,"3":1,"4":1,"5":1,"6":1,"7":0,"8":0,"9":0,"10":0,"11":0,"12":1,"13":2,"14":2,"15":2,"16":2,"17":1,"18":1,"19":1,"20":1,"21":0,"22":0,"23":0,"24":1},"f":{"0":1,"1":2},"b":{"0":[1,0],"1":[1,1]},"_coverageSchema":"1a1c01bbd47fc00a2c39e90264f33305004495a9","hash":"919691f0d775faa85d95eae57b163dbf351b91a0"}
,"/Users/malkeeszon/Documents/Codeworks/legacy-project/MMAPI/server/express/controllers/fight.controller.js": {"path":"/Users/malkeeszon/Documents/Codeworks/legacy-project/MMAPI/server/express/controllers/fight.controller.js","statementMap":{"0":{"start":{"line":1,"column":15},"end":{"line":1,"column":35}},"1":{"start":{"line":3,"column":18},"end":{"line":22,"column":1}},"2":{"start":{"line":4,"column":2},"end":{"line":21,"column":3}},"3":{"start":{"line":5,"column":19},"end":{"line":9,"column":6}},"4":{"start":{"line":10,"column":4},"end":{"line":16,"column":5}},"5":{"start":{"line":11,"column":6},"end":{"line":11,"column":22}},"6":{"start":{"line":12,"column":6},"end":{"line":12,"column":23}},"7":{"start":{"line":14,"column":6},"end":{"line":14,"column":22}},"8":{"start":{"line":15,"column":6},"end":{"line":15,"column":40}},"9":{"start":{"line":18,"column":4},"end":{"line":18,"column":20}},"10":{"start":{"line":19,"column":4},"end":{"line":19,"column":44}},"11":{"start":{"line":20,"column":4},"end":{"line":20,"column":23}},"12":{"start":{"line":24,"column":21},"end":{"line":44,"column":1}},"13":{"start":{"line":25,"column":2},"end":{"line":43,"column":3}},"14":{"start":{"line":26,"column":19},"end":{"line":26,"column":29}},"15":{"start":{"line":27,"column":19},"end":{"line":30,"column":6}},"16":{"start":{"line":32,"column":4},"end":{"line":38,"column":5}},"17":{"start":{"line":33,"column":6},"end":{"line":33,"column":22}},"18":{"start":{"line":34,"column":6},"end":{"line":34,"column":23}},"19":{"start":{"line":36,"column":6},"end":{"line":36,"column":22}},"20":{"start":{"line":37,"column":6},"end":{"line":37,"column":40}},"21":{"start":{"line":40,"column":4},"end":{"line":40,"column":20}},"22":{"start":{"line":41,"column":4},"end":{"line":41,"column":44}},"23":{"start":{"line":42,"column":4},"end":{"line":42,"column":23}},"24":{"start":{"line":46,"column":0},"end":{"line":49,"column":2}}},"fnMap":{"0":{"name":"(anonymous_0)","decl":{"start":{"line":3,"column":18},"end":{"line":3,"column":19}},"loc":{"start":{"line":3,"column":38},"end":{"line":22,"column":1}},"line":3},"1":{"name":"(anonymous_1)","decl":{"start":{"line":24,"column":21},"end":{"line":24,"column":22}},"loc":{"start":{"line":24,"column":41},"end":{"line":44,"column":1}},"line":24}},"branchMap":{"0":{"loc":{"start":{"line":10,"column":4},"end":{"line":16,"column":5}},"type":"if","locations":[{"start":{"line":10,"column":4},"end":{"line":16,"column":5}},{"start":{"line":10,"column":4},"end":{"line":16,"column":5}}],"line":10},"1":{"loc":{"start":{"line":32,"column":4},"end":{"line":38,"column":5}},"type":"if","locations":[{"start":{"line":32,"column":4},"end":{"line":38,"column":5}},{"start":{"line":32,"column":4},"end":{"line":38,"column":5}}],"line":32}},"s":{"0":2,"1":2,"2":2,"3":2,"4":2,"5":2,"6":2,"7":0,"8":0,"9":0,"10":0,"11":0,"12":2,"13":7,"14":7,"15":7,"16":6,"17":4,"18":4,"19":2,"20":2,"21":1,"22":1,"23":1,"24":2},"f":{"0":2,"1":7},"b":{"0":[2,0],"1":[4,2]},"_coverageSchema":"1a1c01bbd47fc00a2c39e90264f33305004495a9","hash":"e5ca7e704130b5dd6d48d9ca29c4bf0c783176cb"}
,"/Users/malkeeszon/Documents/Codeworks/legacy-project/MMAPI/server/express/controllers/fighter.controller.js": {"path":"/Users/malkeeszon/Documents/Codeworks/legacy-project/MMAPI/server/express/controllers/fighter.controller.js","statementMap":{"0":{"start":{"line":1,"column":15},"end":{"line":1,"column":35}},"1":{"start":{"line":3,"column":20},"end":{"line":18,"column":1}},"2":{"start":{"line":4,"column":2},"end":{"line":17,"column":3}},"3":{"start":{"line":5,"column":19},"end":{"line":5,"column":50}},"4":{"start":{"line":6,"column":4},"end":{"line":12,"column":5}},"5":{"start":{"line":7,"column":6},"end":{"line":7,"column":22}},"6":{"start":{"line":8,"column":6},"end":{"line":8,"column":23}},"7":{"start":{"line":10,"column":6},"end":{"line":10,"column":22}},"8":{"start":{"line":11,"column":6},"end":{"line":11,"column":40}},"9":{"start":{"line":14,"column":4},"end":{"line":14,"column":20}},"10":{"start":{"line":15,"column":4},"end":{"line":15,"column":44}},"11":{"start":{"line":16,"column":4},"end":{"line":16,"column":23}},"12":{"start":{"line":20,"column":19},"end":{"line":46,"column":1}},"13":{"start":{"line":21,"column":2},"end":{"line":45,"column":3}},"14":{"start":{"line":22,"column":19},"end":{"line":22,"column":29}},"15":{"start":{"line":23,"column":19},"end":{"line":33,"column":6}},"16":{"start":{"line":34,"column":4},"end":{"line":40,"column":5}},"17":{"start":{"line":35,"column":6},"end":{"line":35,"column":22}},"18":{"start":{"line":36,"column":6},"end":{"line":36,"column":23}},"19":{"start":{"line":38,"column":6},"end":{"line":38,"column":22}},"20":{"start":{"line":39,"column":6},"end":{"line":39,"column":40}},"21":{"start":{"line":42,"column":4},"end":{"line":42,"column":20}},"22":{"start":{"line":43,"column":4},"end":{"line":43,"column":44}},"23":{"start":{"line":44,"column":4},"end":{"line":44,"column":23}},"24":{"start":{"line":48,"column":0},"end":{"line":51,"column":2}}},"fnMap":{"0":{"name":"(anonymous_0)","decl":{"start":{"line":3,"column":20},"end":{"line":3,"column":21}},"loc":{"start":{"line":3,"column":40},"end":{"line":18,"column":1}},"line":3},"1":{"name":"(anonymous_1)","decl":{"start":{"line":20,"column":19},"end":{"line":20,"column":20}},"loc":{"start":{"line":20,"column":39},"end":{"line":46,"column":1}},"line":20}},"branchMap":{"0":{"loc":{"start":{"line":6,"column":4},"end":{"line":12,"column":5}},"type":"if","locations":[{"start":{"line":6,"column":4},"end":{"line":12,"column":5}},{"start":{"line":6,"column":4},"end":{"line":12,"column":5}}],"line":6},"1":{"loc":{"start":{"line":34,"column":4},"end":{"line":40,"column":5}},"type":"if","locations":[{"start":{"line":34,"column":4},"end":{"line":40,"column":5}},{"start":{"line":34,"column":4},"end":{"line":40,"column":5}}],"line":34}},"s":{"0":2,"1":2,"2":2,"3":2,"4":2,"5":2,"6":2,"7":0,"8":0,"9":0,"10":0,"11":0,"12":2,"13":7,"14":7,"15":7,"16":6,"17":4,"18":4,"19":2,"20":2,"21":1,"22":1,"23":1,"24":2},"f":{"0":2,"1":7},"b":{"0":[2,0],"1":[4,2]},"_coverageSchema":"1a1c01bbd47fc00a2c39e90264f33305004495a9","hash":"d12f5276b029bb13cae4bdfef2619e216a958c40"}
,"/Users/malkeeszon/Documents/Codeworks/legacy-project/MMAPI/server/express/models/Division.js": {"path":"/Users/malkeeszon/Documents/Codeworks/legacy-project/MMAPI/server/express/models/Division.js","statementMap":{"0":{"start":{"line":1,"column":0},"end":{"line":20,"column":2}},"1":{"start":{"line":2,"column":19},"end":{"line":12,"column":27}},"2":{"start":{"line":14,"column":2},"end":{"line":17,"column":4}},"3":{"start":{"line":15,"column":4},"end":{"line":15,"column":46}},"4":{"start":{"line":16,"column":4},"end":{"line":16,"column":44}},"5":{"start":{"line":19,"column":2},"end":{"line":19,"column":18}}},"fnMap":{"0":{"name":"(anonymous_0)","decl":{"start":{"line":1,"column":17},"end":{"line":1,"column":18}},"loc":{"start":{"line":1,"column":43},"end":{"line":20,"column":1}},"line":1},"1":{"name":"(anonymous_1)","decl":{"start":{"line":14,"column":23},"end":{"line":14,"column":24}},"loc":{"start":{"line":14,"column":35},"end":{"line":17,"column":3}},"line":14}},"branchMap":{},"s":{"0":2,"1":2,"2":2,"3":2,"4":2,"5":2},"f":{"0":2,"1":2},"b":{},"_coverageSchema":"1a1c01bbd47fc00a2c39e90264f33305004495a9","hash":"35bf7227ca9ad9524a95bb7ea0929d8a42eab1fa"}
,"/Users/malkeeszon/Documents/Codeworks/legacy-project/MMAPI/server/express/models/Event.js": {"path":"/Users/malkeeszon/Documents/Codeworks/legacy-project/MMAPI/server/express/models/Event.js","statementMap":{"0":{"start":{"line":1,"column":0},"end":{"line":20,"column":2}},"1":{"start":{"line":2,"column":16},"end":{"line":12,"column":27}},"2":{"start":{"line":14,"column":2},"end":{"line":17,"column":4}},"3":{"start":{"line":15,"column":4},"end":{"line":15,"column":41}},"4":{"start":{"line":16,"column":4},"end":{"line":16,"column":83}},"5":{"start":{"line":19,"column":2},"end":{"line":19,"column":15}}},"fnMap":{"0":{"name":"(anonymous_0)","decl":{"start":{"line":1,"column":17},"end":{"line":1,"column":18}},"loc":{"start":{"line":1,"column":43},"end":{"line":20,"column":1}},"line":1},"1":{"name":"(anonymous_1)","decl":{"start":{"line":14,"column":20},"end":{"line":14,"column":21}},"loc":{"start":{"line":14,"column":32},"end":{"line":17,"column":3}},"line":14}},"branchMap":{},"s":{"0":2,"1":2,"2":2,"3":2,"4":2,"5":2},"f":{"0":2,"1":2},"b":{},"_coverageSchema":"1a1c01bbd47fc00a2c39e90264f33305004495a9","hash":"c4865bbdb8422a7b7f90f2a183a27ba9e3c3ddb1"}
,"/Users/malkeeszon/Documents/Codeworks/legacy-project/MMAPI/server/express/models/Fight.js": {"path":"/Users/malkeeszon/Documents/Codeworks/legacy-project/MMAPI/server/express/models/Fight.js","statementMap":{"0":{"start":{"line":1,"column":0},"end":{"line":473,"column":2}},"1":{"start":{"line":2,"column":16},"end":{"line":464,"column":27}},"2":{"start":{"line":466,"column":2},"end":{"line":470,"column":4}},"3":{"start":{"line":467,"column":4},"end":{"line":467,"column":80}},"4":{"start":{"line":468,"column":4},"end":{"line":468,"column":46}},"5":{"start":{"line":469,"column":4},"end":{"line":469,"column":43}},"6":{"start":{"line":472,"column":2},"end":{"line":472,"column":15}}},"fnMap":{"0":{"name":"(anonymous_0)","decl":{"start":{"line":1,"column":17},"end":{"line":1,"column":18}},"loc":{"start":{"line":1,"column":43},"end":{"line":473,"column":1}},"line":1},"1":{"name":"(anonymous_1)","decl":{"start":{"line":466,"column":20},"end":{"line":466,"column":21}},"loc":{"start":{"line":466,"column":32},"end":{"line":470,"column":3}},"line":466}},"branchMap":{},"s":{"0":2,"1":2,"2":2,"3":2,"4":2,"5":2,"6":2},"f":{"0":2,"1":2},"b":{},"_coverageSchema":"1a1c01bbd47fc00a2c39e90264f33305004495a9","hash":"430f46c5f2ab09c100287f7a12da30d574a467dd"}
,"/Users/malkeeszon/Documents/Codeworks/legacy-project/MMAPI/server/express/models/Fighter.js": {"path":"/Users/malkeeszon/Documents/Codeworks/legacy-project/MMAPI/server/express/models/Fighter.js","statementMap":{"0":{"start":{"line":1,"column":0},"end":{"line":72,"column":2}},"1":{"start":{"line":2,"column":18},"end":{"line":63,"column":27}},"2":{"start":{"line":65,"column":2},"end":{"line":69,"column":4}},"3":{"start":{"line":66,"column":4},"end":{"line":66,"column":80}},"4":{"start":{"line":67,"column":4},"end":{"line":67,"column":83}},"5":{"start":{"line":68,"column":4},"end":{"line":68,"column":48}},"6":{"start":{"line":71,"column":2},"end":{"line":71,"column":17}}},"fnMap":{"0":{"name":"(anonymous_0)","decl":{"start":{"line":1,"column":17},"end":{"line":1,"column":18}},"loc":{"start":{"line":1,"column":43},"end":{"line":72,"column":1}},"line":1},"1":{"name":"(anonymous_1)","decl":{"start":{"line":65,"column":22},"end":{"line":65,"column":23}},"loc":{"start":{"line":65,"column":34},"end":{"line":69,"column":3}},"line":65}},"branchMap":{},"s":{"0":2,"1":2,"2":2,"3":2,"4":2,"5":2,"6":2},"f":{"0":2,"1":2},"b":{},"_coverageSchema":"1a1c01bbd47fc00a2c39e90264f33305004495a9","hash":"0652cdbabcc8e041ed4fc294da805eeddbc19781"}
,"/Users/malkeeszon/Documents/Codeworks/legacy-project/MMAPI/server/express/models/Fighter_Fights.js": {"path":"/Users/malkeeszon/Documents/Codeworks/legacy-project/MMAPI/server/express/models/Fighter_Fights.js","statementMap":{"0":{"start":{"line":1,"column":0},"end":{"line":9,"column":2}},"1":{"start":{"line":2,"column":24},"end":{"line":6,"column":27}},"2":{"start":{"line":8,"column":2},"end":{"line":8,"column":23}}},"fnMap":{"0":{"name":"(anonymous_0)","decl":{"start":{"line":1,"column":17},"end":{"line":1,"column":18}},"loc":{"start":{"line":1,"column":43},"end":{"line":9,"column":1}},"line":1}},"branchMap":{},"s":{"0":2,"1":2,"2":2},"f":{"0":2},"b":{},"_coverageSchema":"1a1c01bbd47fc00a2c39e90264f33305004495a9","hash":"56a761a487471de41afeb35a865f26ccf7a05dc5"}
,"/Users/malkeeszon/Documents/Codeworks/legacy-project/MMAPI/server/express/models/Potn.js": {"path":"/Users/malkeeszon/Documents/Codeworks/legacy-project/MMAPI/server/express/models/Potn.js","statementMap":{"0":{"start":{"line":1,"column":0},"end":{"line":6,"column":2}},"1":{"start":{"line":2,"column":15},"end":{"line":3,"column":27}},"2":{"start":{"line":5,"column":2},"end":{"line":5,"column":14}}},"fnMap":{"0":{"name":"(anonymous_0)","decl":{"start":{"line":1,"column":17},"end":{"line":1,"column":18}},"loc":{"start":{"line":1,"column":43},"end":{"line":6,"column":1}},"line":1}},"branchMap":{},"s":{"0":2,"1":2,"2":2},"f":{"0":2},"b":{},"_coverageSchema":"1a1c01bbd47fc00a2c39e90264f33305004495a9","hash":"0734b6005878f7c98c1c9281a49a2f353c45e2e9"}
,"/Users/malkeeszon/Documents/Codeworks/legacy-project/MMAPI/server/express/models/index.js": {"path":"/Users/malkeeszon/Documents/Codeworks/legacy-project/MMAPI/server/express/models/index.js","statementMap":{"0":{"start":{"line":2,"column":11},"end":{"line":2,"column":24}},"1":{"start":{"line":3,"column":13},"end":{"line":3,"column":28}},"2":{"start":{"line":4,"column":18},"end":{"line":4,"column":38}},"3":{"start":{"line":6,"column":0},"end":{"line":6,"column":71}},"4":{"start":{"line":8,"column":19},"end":{"line":10,"column":29}},"5":{"start":{"line":12,"column":17},"end":{"line":12,"column":42}},"6":{"start":{"line":13,"column":11},"end":{"line":13,"column":13}},"7":{"start":{"line":15,"column":18},"end":{"line":26,"column":4}},"8":{"start":{"line":28,"column":0},"end":{"line":35,"column":5}},"9":{"start":{"line":30,"column":20},"end":{"line":30,"column":98}},"10":{"start":{"line":33,"column":18},"end":{"line":33,"column":85}},"11":{"start":{"line":34,"column":4},"end":{"line":34,"column":27}},"12":{"start":{"line":37,"column":0},"end":{"line":41,"column":3}},"13":{"start":{"line":38,"column":2},"end":{"line":40,"column":3}},"14":{"start":{"line":39,"column":4},"end":{"line":39,"column":32}},"15":{"start":{"line":43,"column":0},"end":{"line":43,"column":25}},"16":{"start":{"line":44,"column":0},"end":{"line":44,"column":25}},"17":{"start":{"line":46,"column":0},"end":{"line":46,"column":20}}},"fnMap":{"0":{"name":"(anonymous_0)","decl":{"start":{"line":30,"column":10},"end":{"line":30,"column":11}},"loc":{"start":{"line":30,"column":20},"end":{"line":30,"column":98}},"line":30},"1":{"name":"(anonymous_1)","decl":{"start":{"line":31,"column":11},"end":{"line":31,"column":12}},"loc":{"start":{"line":31,"column":21},"end":{"line":35,"column":3}},"line":31},"2":{"name":"(anonymous_2)","decl":{"start":{"line":37,"column":24},"end":{"line":37,"column":25}},"loc":{"start":{"line":37,"column":39},"end":{"line":41,"column":1}},"line":37}},"branchMap":{"0":{"loc":{"start":{"line":8,"column":19},"end":{"line":10,"column":29}},"type":"cond-expr","locations":[{"start":{"line":9,"column":4},"end":{"line":9,"column":34}},{"start":{"line":10,"column":4},"end":{"line":10,"column":29}}],"line":8},"1":{"loc":{"start":{"line":30,"column":20},"end":{"line":30,"column":98}},"type":"binary-expr","locations":[{"start":{"line":30,"column":21},"end":{"line":30,"column":44}},{"start":{"line":30,"column":50},"end":{"line":30,"column":67}},{"start":{"line":30,"column":73},"end":{"line":30,"column":97}}],"line":30},"2":{"loc":{"start":{"line":38,"column":2},"end":{"line":40,"column":3}},"type":"if","locations":[{"start":{"line":38,"column":2},"end":{"line":40,"column":3}},{"start":{"line":38,"column":2},"end":{"line":40,"column":3}}],"line":38}},"s":{"0":2,"1":2,"2":2,"3":2,"4":2,"5":2,"6":2,"7":2,"8":2,"9":14,"10":12,"11":12,"12":2,"13":12,"14":8,"15":2,"16":2,"17":2},"f":{"0":14,"1":12,"2":12},"b":{"0":[2,0],"1":[14,14,12],"2":[8,4]},"_coverageSchema":"1a1c01bbd47fc00a2c39e90264f33305004495a9","hash":"01270d1916b9aaae528619ca52d97bfe4e1a392e"}
,"/Users/malkeeszon/Documents/Codeworks/legacy-project/MMAPI/server/graphQL/helper.js": {"path":"/Users/malkeeszon/Documents/Codeworks/legacy-project/MMAPI/server/graphQL/helper.js","statementMap":{"0":{"start":{"line":1,"column":0},"end":{"line":3,"column":88}},"1":{"start":{"line":1,"column":46},"end":{"line":3,"column":87}},"2":{"start":{"line":3,"column":17},"end":{"line":3,"column":86}},"3":{"start":{"line":3,"column":41},"end":{"line":3,"column":82}},"4":{"start":{"line":4,"column":0},"end":{"line":5,"column":79}},"5":{"start":{"line":4,"column":33},"end":{"line":5,"column":78}},"6":{"start":{"line":5,"column":71},"end":{"line":5,"column":77}}},"fnMap":{"0":{"name":"(anonymous_0)","decl":{"start":{"line":1,"column":28},"end":{"line":1,"column":29}},"loc":{"start":{"line":1,"column":46},"end":{"line":3,"column":87}},"line":1},"1":{"name":"(anonymous_1)","decl":{"start":{"line":3,"column":8},"end":{"line":3,"column":9}},"loc":{"start":{"line":3,"column":17},"end":{"line":3,"column":86}},"line":3},"2":{"name":"(anonymous_2)","decl":{"start":{"line":3,"column":28},"end":{"line":3,"column":29}},"loc":{"start":{"line":3,"column":41},"end":{"line":3,"column":82}},"line":3},"3":{"name":"(anonymous_3)","decl":{"start":{"line":4,"column":19},"end":{"line":4,"column":20}},"loc":{"start":{"line":4,"column":33},"end":{"line":5,"column":78}},"line":4},"4":{"name":"(anonymous_4)","decl":{"start":{"line":5,"column":62},"end":{"line":5,"column":63}},"loc":{"start":{"line":5,"column":71},"end":{"line":5,"column":77}},"line":5}},"branchMap":{},"s":{"0":2,"1":0,"2":0,"3":0,"4":2,"5":0,"6":0},"f":{"0":0,"1":0,"2":0,"3":0,"4":0},"b":{},"_coverageSchema":"1a1c01bbd47fc00a2c39e90264f33305004495a9","hash":"0f977fefa31654688102425bb5c6f6354c6c88a9"}
,"/Users/malkeeszon/Documents/Codeworks/legacy-project/MMAPI/server/graphQL/index.js": {"path":"/Users/malkeeszon/Documents/Codeworks/legacy-project/MMAPI/server/graphQL/index.js","statementMap":{"0":{"start":{"line":1,"column":25},"end":{"line":1,"column":57}},"1":{"start":{"line":3,"column":17},"end":{"line":3,"column":37}},"2":{"start":{"line":4,"column":18},"end":{"line":4,"column":40}},"3":{"start":{"line":6,"column":0},"end":{"line":9,"column":3}}},"fnMap":{},"branchMap":{},"s":{"0":1,"1":1,"2":1,"3":1},"f":{},"b":{},"_coverageSchema":"1a1c01bbd47fc00a2c39e90264f33305004495a9","hash":"feadfc41083ba4d41840e01b938d753f966c8f39"}
,"/Users/malkeeszon/Documents/Codeworks/legacy-project/MMAPI/server/graphQL/__tests__/__utils.js": {"path":"/Users/malkeeszon/Documents/Codeworks/legacy-project/MMAPI/server/graphQL/__tests__/__utils.js","statementMap":{"0":{"start":{"line":1,"column":12},"end":{"line":1,"column":34}},"1":{"start":{"line":3,"column":19},"end":{"line":11,"column":1}},"2":{"start":{"line":13,"column":18},"end":{"line":21,"column":1}},"3":{"start":{"line":23,"column":21},"end":{"line":32,"column":1}},"4":{"start":{"line":34,"column":20},"end":{"line":43,"column":1}},"5":{"start":{"line":45,"column":19},"end":{"line":57,"column":1}},"6":{"start":{"line":59,"column":18},"end":{"line":71,"column":1}},"7":{"start":{"line":73,"column":22},"end":{"line":81,"column":1}},"8":{"start":{"line":83,"column":21},"end":{"line":91,"column":1}},"9":{"start":{"line":93,"column":0},"end":{"line":102,"column":2}}},"fnMap":{},"branchMap":{},"s":{"0":1,"1":1,"2":1,"3":1,"4":1,"5":1,"6":1,"7":1,"8":1,"9":1},"f":{},"b":{},"_coverageSchema":"1a1c01bbd47fc00a2c39e90264f33305004495a9","hash":"5339a4fbf12d043f8cb78c5c250c227698e10e9c"}
,"/Users/malkeeszon/Documents/Codeworks/legacy-project/MMAPI/server/graphQL/resolvers/index.js": {"path":"/Users/malkeeszon/Documents/Codeworks/legacy-project/MMAPI/server/graphQL/resolvers/index.js","statementMap":{"0":{"start":{"line":1,"column":28},"end":{"line":1,"column":55}},"1":{"start":{"line":5,"column":4},"end":{"line":5,"column":31}},"2":{"start":{"line":6,"column":14},"end":{"line":6,"column":41}},"3":{"start":{"line":8,"column":29},"end":{"line":10,"column":1}},"4":{"start":{"line":12,"column":18},"end":{"line":41,"column":1}},"5":{"start":{"line":43,"column":0},"end":{"line":43,"column":27}}},"fnMap":{},"branchMap":{},"s":{"0":2,"1":2,"2":2,"3":2,"4":2,"5":2},"f":{},"b":{},"_coverageSchema":"1a1c01bbd47fc00a2c39e90264f33305004495a9","hash":"d0abf8e706bfb7ea258c03d008ebca4d46f089a6"}
,"/Users/malkeeszon/Documents/Codeworks/legacy-project/MMAPI/server/graphQL/resolvers/query.resolver.js": {"path":"/Users/malkeeszon/Documents/Codeworks/legacy-project/MMAPI/server/graphQL/resolvers/query.resolver.js","statementMap":{"0":{"start":{"line":1,"column":11},"end":{"line":1,"column":42}},"1":{"start":{"line":3,"column":0},"end":{"line":3,"column":69}},"2":{"start":{"line":3,"column":32},"end":{"line":3,"column":68}},"3":{"start":{"line":4,"column":0},"end":{"line":4,"column":65}},"4":{"start":{"line":4,"column":30},"end":{"line":4,"column":64}},"5":{"start":{"line":5,"column":0},"end":{"line":5,"column":71}},"6":{"start":{"line":5,"column":33},"end":{"line":5,"column":70}},"7":{"start":{"line":6,"column":0},"end":{"line":9,"column":2}},"8":{"start":{"line":7,"column":2},"end":{"line":7,"column":23}},"9":{"start":{"line":8,"column":2},"end":{"line":8,"column":44}}},"fnMap":{"0":{"name":"(anonymous_0)","decl":{"start":{"line":3,"column":19},"end":{"line":3,"column":20}},"loc":{"start":{"line":3,"column":32},"end":{"line":3,"column":68}},"line":3},"1":{"name":"(anonymous_1)","decl":{"start":{"line":4,"column":17},"end":{"line":4,"column":18}},"loc":{"start":{"line":4,"column":30},"end":{"line":4,"column":64}},"line":4},"2":{"name":"(anonymous_2)","decl":{"start":{"line":5,"column":20},"end":{"line":5,"column":21}},"loc":{"start":{"line":5,"column":33},"end":{"line":5,"column":70}},"line":5},"3":{"name":"(anonymous_3)","decl":{"start":{"line":6,"column":17},"end":{"line":6,"column":18}},"loc":{"start":{"line":6,"column":30},"end":{"line":9,"column":1}},"line":6}},"branchMap":{},"s":{"0":3,"1":3,"2":2,"3":3,"4":3,"5":3,"6":3,"7":3,"8":2,"9":2},"f":{"0":2,"1":3,"2":3,"3":2},"b":{},"_coverageSchema":"1a1c01bbd47fc00a2c39e90264f33305004495a9","hash":"96d357e84aa542a2a00dcbcc3d26ef71c93d70c7"}
,"/Users/malkeeszon/Documents/Codeworks/legacy-project/MMAPI/server/graphQL/resolvers/types.resolver.js": {"path":"/Users/malkeeszon/Documents/Codeworks/legacy-project/MMAPI/server/graphQL/resolvers/types.resolver.js","statementMap":{"0":{"start":{"line":1,"column":40},"end":{"line":1,"column":60}},"1":{"start":{"line":3,"column":0},"end":{"line":3,"column":58}},"2":{"start":{"line":3,"column":40},"end":{"line":3,"column":57}},"3":{"start":{"line":4,"column":0},"end":{"line":4,"column":66}},"4":{"start":{"line":4,"column":44},"end":{"line":4,"column":65}},"5":{"start":{"line":5,"column":0},"end":{"line":5,"column":62}},"6":{"start":{"line":5,"column":42},"end":{"line":5,"column":61}},"7":{"start":{"line":6,"column":0},"end":{"line":6,"column":71}},"8":{"start":{"line":6,"column":38},"end":{"line":6,"column":70}},"9":{"start":{"line":7,"column":0},"end":{"line":7,"column":75}},"10":{"start":{"line":7,"column":43},"end":{"line":7,"column":74}},"11":{"start":{"line":8,"column":0},"end":{"line":8,"column":54}},"12":{"start":{"line":8,"column":37},"end":{"line":8,"column":53}},"13":{"start":{"line":9,"column":0},"end":{"line":9,"column":60}},"14":{"start":{"line":9,"column":40},"end":{"line":9,"column":59}},"15":{"start":{"line":10,"column":0},"end":{"line":10,"column":56}},"16":{"start":{"line":10,"column":38},"end":{"line":10,"column":55}},"17":{"start":{"line":11,"column":0},"end":{"line":11,"column":53}},"18":{"start":{"line":11,"column":37},"end":{"line":11,"column":52}},"19":{"start":{"line":12,"column":0},"end":{"line":12,"column":79}},"20":{"start":{"line":12,"column":36},"end":{"line":12,"column":78}},"21":{"start":{"line":13,"column":0},"end":{"line":13,"column":69}},"22":{"start":{"line":13,"column":46},"end":{"line":13,"column":68}},"23":{"start":{"line":14,"column":0},"end":{"line":14,"column":65}},"24":{"start":{"line":14,"column":44},"end":{"line":14,"column":64}},"25":{"start":{"line":15,"column":0},"end":{"line":15,"column":62}},"26":{"start":{"line":15,"column":43},"end":{"line":15,"column":61}}},"fnMap":{"0":{"name":"(anonymous_0)","decl":{"start":{"line":3,"column":27},"end":{"line":3,"column":28}},"loc":{"start":{"line":3,"column":40},"end":{"line":3,"column":57}},"line":3},"1":{"name":"(anonymous_1)","decl":{"start":{"line":4,"column":31},"end":{"line":4,"column":32}},"loc":{"start":{"line":4,"column":44},"end":{"line":4,"column":65}},"line":4},"2":{"name":"(anonymous_2)","decl":{"start":{"line":5,"column":29},"end":{"line":5,"column":30}},"loc":{"start":{"line":5,"column":42},"end":{"line":5,"column":61}},"line":5},"3":{"name":"(anonymous_3)","decl":{"start":{"line":6,"column":27},"end":{"line":6,"column":28}},"loc":{"start":{"line":6,"column":38},"end":{"line":6,"column":70}},"line":6},"4":{"name":"(anonymous_4)","decl":{"start":{"line":7,"column":26},"end":{"line":7,"column":27}},"loc":{"start":{"line":7,"column":43},"end":{"line":7,"column":74}},"line":7},"5":{"name":"(anonymous_5)","decl":{"start":{"line":8,"column":26},"end":{"line":8,"column":27}},"loc":{"start":{"line":8,"column":37},"end":{"line":8,"column":53}},"line":8},"6":{"name":"(anonymous_6)","decl":{"start":{"line":9,"column":29},"end":{"line":9,"column":30}},"loc":{"start":{"line":9,"column":40},"end":{"line":9,"column":59}},"line":9},"7":{"name":"(anonymous_7)","decl":{"start":{"line":10,"column":27},"end":{"line":10,"column":28}},"loc":{"start":{"line":10,"column":38},"end":{"line":10,"column":55}},"line":10},"8":{"name":"(anonymous_8)","decl":{"start":{"line":11,"column":26},"end":{"line":11,"column":27}},"loc":{"start":{"line":11,"column":37},"end":{"line":11,"column":52}},"line":11},"9":{"name":"(anonymous_9)","decl":{"start":{"line":12,"column":25},"end":{"line":12,"column":26}},"loc":{"start":{"line":12,"column":36},"end":{"line":12,"column":78}},"line":12},"10":{"name":"(anonymous_10)","decl":{"start":{"line":13,"column":32},"end":{"line":13,"column":33}},"loc":{"start":{"line":13,"column":46},"end":{"line":13,"column":68}},"line":13},"11":{"name":"(anonymous_11)","decl":{"start":{"line":14,"column":30},"end":{"line":14,"column":31}},"loc":{"start":{"line":14,"column":44},"end":{"line":14,"column":64}},"line":14},"12":{"name":"(anonymous_12)","decl":{"start":{"line":15,"column":29},"end":{"line":15,"column":30}},"loc":{"start":{"line":15,"column":43},"end":{"line":15,"column":61}},"line":15}},"branchMap":{},"s":{"0":2,"1":2,"2":0,"3":2,"4":0,"5":2,"6":0,"7":2,"8":0,"9":2,"10":0,"11":2,"12":0,"13":2,"14":0,"15":2,"16":2,"17":2,"18":0,"19":2,"20":0,"21":2,"22":0,"23":2,"24":0,"25":2,"26":0},"f":{"0":0,"1":0,"2":0,"3":0,"4":0,"5":0,"6":0,"7":2,"8":0,"9":0,"10":0,"11":0,"12":0},"b":{},"_coverageSchema":"1a1c01bbd47fc00a2c39e90264f33305004495a9","hash":"c215b1347352cd5bb30abcfba4e05785672f0b16"}
,"/Users/malkeeszon/Documents/Codeworks/legacy-project/MMAPI/server/graphQL/schemas/index.js": {"path":"/Users/malkeeszon/Documents/Codeworks/legacy-project/MMAPI/server/graphQL/schemas/index.js","statementMap":{"0":{"start":{"line":1,"column":16},"end":{"line":1,"column":48}},"1":{"start":{"line":3,"column":14},"end":{"line":3,"column":39}},"2":{"start":{"line":4,"column":14},"end":{"line":4,"column":39}},"3":{"start":{"line":6,"column":0},"end":{"line":10,"column":2}}},"fnMap":{},"branchMap":{},"s":{"0":2,"1":2,"2":2,"3":2},"f":{},"b":{},"_coverageSchema":"1a1c01bbd47fc00a2c39e90264f33305004495a9","hash":"6d4a82f256784d27495e26de5b2b1f027dff0334"}
,"/Users/malkeeszon/Documents/Codeworks/legacy-project/MMAPI/server/graphQL/schemas/query.schema.js": {"path":"/Users/malkeeszon/Documents/Codeworks/legacy-project/MMAPI/server/graphQL/schemas/query.schema.js","statementMap":{"0":{"start":{"line":1,"column":0},"end":{"line":48,"column":4}}},"fnMap":{},"branchMap":{},"s":{"0":2},"f":{},"b":{},"_coverageSchema":"1a1c01bbd47fc00a2c39e90264f33305004495a9","hash":"4d9ceb060e23d58a26a803f3b6fec96d91a27218"}
,"/Users/malkeeszon/Documents/Codeworks/legacy-project/MMAPI/server/graphQL/schemas/types.schema.js": {"path":"/Users/malkeeszon/Documents/Codeworks/legacy-project/MMAPI/server/graphQL/schemas/types.schema.js","statementMap":{"0":{"start":{"line":1,"column":0},"end":{"line":183,"column":2}}},"fnMap":{},"branchMap":{},"s":{"0":2},"f":{},"b":{},"_coverageSchema":"1a1c01bbd47fc00a2c39e90264f33305004495a9","hash":"1968fdf03621e63a224ce1fad06eb55732ad2c13"}
}
