TN:
SF:mocks.js
FNF:0
FNH:0
DA:2,2
DA:8,2
DA:14,2
DA:20,2
DA:70,2
DA:120,2
DA:126,2
DA:132,2
DA:155,2
DA:178,2
LF:10
LH:10
BRF:0
BRH:0
end_of_record
TN:
SF:router.js
FNF:0
FNH:0
DA:1,1
DA:3,1
DA:4,1
DA:5,1
DA:6,1
DA:8,1
DA:9,1
DA:10,1
DA:11,1
DA:12,1
DA:13,1
DA:14,1
DA:15,1
DA:17,1
LF:14
LH:14
BRF:0
BRH:0
end_of_record
TN:
SF:server.js
FNF:0
FNH:0
DA:2,1
DA:3,1
DA:4,1
DA:5,1
DA:7,1
DA:9,1
DA:10,1
DA:13,1
DA:14,1
DA:15,1
DA:16,1
DA:18,1
LF:12
LH:12
BRF:0
BRH:0
end_of_record
TN:
SF:controllers/division.controller.js
FN:3,(anonymous_0)
FN:20,(anonymous_1)
FNF:2
FNH:2
FNDA:1,(anonymous_0)
FNDA:2,(anonymous_1)
DA:1,1
DA:3,1
DA:4,1
DA:5,1
DA:6,1
DA:7,1
DA:8,1
DA:10,0
DA:11,0
DA:14,0
DA:15,0
DA:16,0
DA:20,1
DA:21,2
DA:22,2
DA:23,2
DA:30,2
DA:31,1
DA:32,1
DA:34,1
DA:35,1
DA:38,0
DA:39,0
DA:40,0
DA:44,1
LF:25
LH:17
BRDA:6,0,0,1
BRDA:6,0,1,0
BRDA:30,1,0,1
BRDA:30,1,1,1
BRF:4
BRH:3
end_of_record
TN:
SF:controllers/event.controller.js
FN:3,(anonymous_0)
FN:20,(anonymous_1)
FNF:2
FNH:2
FNDA:1,(anonymous_0)
FNDA:2,(anonymous_1)
DA:1,1
DA:3,1
DA:4,1
DA:5,1
DA:6,1
DA:7,1
DA:8,1
DA:10,0
DA:11,0
DA:14,0
DA:15,0
DA:16,0
DA:20,1
DA:21,2
DA:22,2
DA:23,2
DA:30,2
DA:31,1
DA:32,1
DA:34,1
DA:35,1
DA:38,0
DA:39,0
DA:40,0
DA:44,1
LF:25
LH:17
BRDA:6,0,0,1
BRDA:6,0,1,0
BRDA:30,1,0,1
BRDA:30,1,1,1
BRF:4
BRH:3
end_of_record
TN:
SF:controllers/fight.controller.js
FN:3,(anonymous_0)
FN:24,(anonymous_1)
FNF:2
FNH:2
FNDA:2,(anonymous_0)
FNDA:7,(anonymous_1)
DA:1,2
DA:3,2
DA:4,2
DA:5,2
DA:10,2
DA:11,2
DA:12,2
DA:14,0
DA:15,0
DA:18,0
DA:19,0
DA:20,0
DA:24,2
DA:25,7
DA:26,7
DA:27,7
DA:32,6
DA:33,4
DA:34,4
DA:36,2
DA:37,2
DA:40,1
DA:41,1
DA:42,1
DA:46,2
LF:25
LH:20
BRDA:10,0,0,2
BRDA:10,0,1,0
BRDA:32,1,0,4
BRDA:32,1,1,2
BRF:4
BRH:3
end_of_record
TN:
SF:controllers/fighter.controller.js
FN:3,(anonymous_0)
FN:20,(anonymous_1)
FNF:2
FNH:2
FNDA:2,(anonymous_0)
FNDA:7,(anonymous_1)
DA:1,2
DA:3,2
DA:4,2
DA:5,2
DA:6,2
DA:7,2
DA:8,2
DA:10,0
DA:11,0
DA:14,0
DA:15,0
DA:16,0
DA:20,2
DA:21,7
DA:22,7
DA:23,7
DA:34,6
DA:35,4
DA:36,4
DA:38,2
DA:39,2
DA:42,1
DA:43,1
DA:44,1
DA:48,2
LF:25
LH:20
BRDA:6,0,0,2
BRDA:6,0,1,0
BRDA:34,1,0,4
BRDA:34,1,1,2
BRF:4
BRH:3
end_of_record
TN:
SF:models/Division.js
FN:1,(anonymous_0)
FN:14,(anonymous_1)
FNF:2
FNH:2
FNDA:2,(anonymous_0)
FNDA:2,(anonymous_1)
DA:1,2
DA:2,2
DA:14,2
DA:15,2
DA:16,2
DA:19,2
LF:6
LH:6
BRF:0
BRH:0
end_of_record
TN:
SF:models/Event.js
FN:1,(anonymous_0)
FN:14,(anonymous_1)
FNF:2
FNH:2
FNDA:2,(anonymous_0)
FNDA:2,(anonymous_1)
DA:1,2
DA:2,2
DA:14,2
DA:15,2
DA:16,2
DA:19,2
LF:6
LH:6
BRF:0
BRH:0
end_of_record
TN:
SF:models/Fight.js
FN:1,(anonymous_0)
FN:466,(anonymous_1)
FNF:2
FNH:2
FNDA:2,(anonymous_0)
FNDA:2,(anonymous_1)
DA:1,2
DA:2,2
DA:466,2
DA:467,2
DA:468,2
DA:469,2
DA:472,2
LF:7
LH:7
BRF:0
BRH:0
end_of_record
TN:
SF:models/Fighter.js
FN:1,(anonymous_0)
FN:65,(anonymous_1)
FNF:2
FNH:2
FNDA:2,(anonymous_0)
FNDA:2,(anonymous_1)
DA:1,2
DA:2,2
DA:65,2
DA:66,2
DA:67,2
DA:68,2
DA:71,2
LF:7
LH:7
BRF:0
BRH:0
end_of_record
TN:
SF:models/Fighter_Fights.js
FN:1,(anonymous_0)
FNF:1
FNH:1
FNDA:2,(anonymous_0)
DA:1,2
DA:2,2
DA:8,2
LF:3
LH:3
BRF:0
BRH:0
end_of_record
TN:
SF:models/Potn.js
FN:1,(anonymous_0)
FNF:1
FNH:1
FNDA:2,(anonymous_0)
DA:1,2
DA:2,2
DA:5,2
LF:3
LH:3
BRF:0
BRH:0
end_of_record
TN:
SF:models/index.js
FN:30,(anonymous_0)
FN:31,(anonymous_1)
FN:37,(anonymous_2)
FNF:3
FNH:3
FNDA:14,(anonymous_0)
FNDA:12,(anonymous_1)
FNDA:12,(anonymous_2)
DA:2,2
DA:3,2
DA:4,2
DA:6,2
DA:8,2
DA:12,2
DA:13,2
DA:15,2
DA:28,2
DA:30,14
DA:33,12
DA:34,12
DA:37,2
DA:38,12
DA:39,8
DA:43,2
DA:44,2
DA:46,2
LF:18
LH:18
BRDA:8,0,0,2
BRDA:8,0,1,0
BRDA:30,1,0,14
BRDA:30,1,1,14
BRDA:30,1,2,12
BRDA:38,2,0,8
BRDA:38,2,1,4
BRF:7
BRH:6
end_of_record
TN:
SF:../graphQL/helper.js
FN:1,(anonymous_0)
FN:3,(anonymous_1)
FN:3,(anonymous_2)
FN:4,(anonymous_3)
FN:5,(anonymous_4)
FNF:5
FNH:0
FNDA:0,(anonymous_0)
FNDA:0,(anonymous_1)
FNDA:0,(anonymous_2)
FNDA:0,(anonymous_3)
FNDA:0,(anonymous_4)
DA:1,2
DA:3,0
DA:4,2
DA:5,0
LF:4
LH:2
BRF:0
BRH:0
end_of_record
TN:
SF:../graphQL/index.js
FNF:0
FNH:0
DA:1,1
DA:3,1
DA:4,1
DA:6,1
LF:4
LH:4
BRF:0
BRH:0
end_of_record
TN:
SF:../graphQL/__tests__/__utils.js
FNF:0
FNH:0
DA:1,1
DA:3,1
DA:13,1
DA:23,1
DA:34,1
DA:45,1
DA:59,1
DA:73,1
DA:83,1
DA:93,1
LF:10
LH:10
BRF:0
BRH:0
end_of_record
TN:
SF:../graphQL/resolvers/index.js
FNF:0
FNH:0
DA:1,2
DA:5,2
DA:6,2
DA:8,2
DA:12,2
DA:43,2
LF:6
LH:6
BRF:0
BRH:0
end_of_record
TN:
SF:../graphQL/resolvers/query.resolver.js
FN:3,(anonymous_0)
FN:4,(anonymous_1)
FN:5,(anonymous_2)
FN:6,(anonymous_3)
FNF:4
FNH:4
FNDA:2,(anonymous_0)
FNDA:3,(anonymous_1)
FNDA:3,(anonymous_2)
FNDA:2,(anonymous_3)
DA:1,3
DA:3,3
DA:4,3
DA:5,3
DA:6,3
DA:7,2
DA:8,2
LF:7
LH:7
BRF:0
BRH:0
end_of_record
TN:
SF:../graphQL/resolvers/types.resolver.js
FN:3,(anonymous_0)
FN:4,(anonymous_1)
FN:5,(anonymous_2)
FN:6,(anonymous_3)
FN:7,(anonymous_4)
FN:8,(anonymous_5)
FN:9,(anonymous_6)
FN:10,(anonymous_7)
FN:11,(anonymous_8)
FN:12,(anonymous_9)
FN:13,(anonymous_10)
FN:14,(anonymous_11)
FN:15,(anonymous_12)
FNF:13
FNH:1
FNDA:0,(anonymous_0)
FNDA:0,(anonymous_1)
FNDA:0,(anonymous_2)
FNDA:0,(anonymous_3)
FNDA:0,(anonymous_4)
FNDA:0,(anonymous_5)
FNDA:0,(anonymous_6)
FNDA:2,(anonymous_7)
FNDA:0,(anonymous_8)
FNDA:0,(anonymous_9)
FNDA:0,(anonymous_10)
FNDA:0,(anonymous_11)
FNDA:0,(anonymous_12)
DA:1,2
DA:3,2
DA:4,2
DA:5,2
DA:6,2
DA:7,2
DA:8,2
DA:9,2
DA:10,2
DA:11,2
DA:12,2
DA:13,2
DA:14,2
DA:15,2
LF:14
LH:14
BRF:0
BRH:0
end_of_record
TN:
SF:../graphQL/schemas/index.js
FNF:0
FNH:0
DA:1,2
DA:3,2
DA:4,2
DA:6,2
LF:4
LH:4
BRF:0
BRH:0
end_of_record
TN:
SF:../graphQL/schemas/query.schema.js
FNF:0
FNH:0
DA:1,2
LF:1
LH:1
BRF:0
BRH:0
end_of_record
TN:
SF:../graphQL/schemas/types.schema.js
FNF:0
FNH:0
DA:1,2
LF:1
LH:1
BRF:0
BRH:0
end_of_record
